{"D:\\Workspace\\interviews\\my-fertility-journey\\.eslintrc.js": {"path":"D:\\Workspace\\interviews\\my-fertility-journey\\.eslintrc.js","statementMap":{"0":{"start":{"line":1,"column":0},"end":{"line":35,"column":2}}},"fnMap":{},"branchMap":{},"s":{"0":0},"f":{},"b":{}}
,"D:\\Workspace\\interviews\\my-fertility-journey\\declarations.d.ts": {"path":"D:\\Workspace\\interviews\\my-fertility-journey\\declarations.d.ts","statementMap":{},"fnMap":{},"branchMap":{},"s":{},"f":{},"b":{}}
,"D:\\Workspace\\interviews\\my-fertility-journey\\eslint.config.js": {"path":"D:\\Workspace\\interviews\\my-fertility-journey\\eslint.config.js","statementMap":{"0":{"start":{"line":7,"column":21},"end":{"line":11,"column":1}},"1":{"start":{"line":9,"column":22},"end":{"line":9,"column":41}}},"fnMap":{"0":{"name":"(anonymous_0)","decl":{"start":{"line":9,"column":4},"end":{"line":9,"column":5}},"loc":{"start":{"line":9,"column":22},"end":{"line":9,"column":41}},"line":9}},"branchMap":{"0":{"loc":{"start":{"line":8,"column":17},"end":{"line":8,"column":68}},"type":"binary-expr","locations":[{"start":{"line":8,"column":17},"end":{"line":8,"column":33}},{"start":{"line":8,"column":37},"end":{"line":8,"column":62}},{"start":{"line":8,"column":66},"end":{"line":8,"column":68}}],"line":8}},"s":{"0":0,"1":0},"f":{"0":0},"b":{"0":[0,0,0]}}
,"D:\\Workspace\\interviews\\my-fertility-journey\\expo-env.d.ts": {"path":"D:\\Workspace\\interviews\\my-fertility-journey\\expo-env.d.ts","statementMap":{},"fnMap":{},"branchMap":{},"s":{},"f":{},"b":{}}
,"D:\\Workspace\\interviews\\my-fertility-journey\\react-native.config.js": {"path":"D:\\Workspace\\interviews\\my-fertility-journey\\react-native.config.js","statementMap":{"0":{"start":{"line":1,"column":0},"end":{"line":3,"column":2}}},"fnMap":{},"branchMap":{},"s":{"0":0},"f":{},"b":{}}
,"D:\\Workspace\\interviews\\my-fertility-journey\\tailwind.config.js": {"path":"D:\\Workspace\\interviews\\my-fertility-journey\\tailwind.config.js","statementMap":{"0":{"start":{"line":1,"column":0},"end":{"line":127,"column":2}},"1":{"start":{"line":20,"column":31},"end":{"line":22,"column":7}}},"fnMap":{"0":{"name":"(anonymous_0)","decl":{"start":{"line":20,"column":19},"end":{"line":20,"column":20}},"loc":{"start":{"line":20,"column":31},"end":{"line":22,"column":7}},"line":20}},"branchMap":{},"s":{"0":0,"1":0},"f":{"0":0},"b":{}}
,"D:\\Workspace\\interviews\\my-fertility-journey\\.expo\\types\\router.d.ts": {"path":"D:\\Workspace\\interviews\\my-fertility-journey\\.expo\\types\\router.d.ts","statementMap":{},"fnMap":{},"branchMap":{},"s":{},"f":{},"b":{}}
,"D:\\Workspace\\interviews\\my-fertility-journey\\app\\_layout.tsx": {"path":"D:\\Workspace\\interviews\\my-fertility-journey\\app\\_layout.tsx","statementMap":{"0":{"start":{"line":7,"column":2},"end":{"line":13,"column":4}}},"fnMap":{"0":{"name":"RootLayout","decl":{"start":{"line":6,"column":24},"end":{"line":6,"column":34}},"loc":{"start":{"line":6,"column":37},"end":{"line":14,"column":1}},"line":6}},"branchMap":{},"s":{"0":0},"f":{"0":0},"b":{}}
,"D:\\Workspace\\interviews\\my-fertility-journey\\app\\(pages)\\_layout.tsx": {"path":"D:\\Workspace\\interviews\\my-fertility-journey\\app\\(pages)\\_layout.tsx","statementMap":{"0":{"start":{"line":8,"column":29},"end":{"line":32,"column":1}},"1":{"start":{"line":9,"column":23},"end":{"line":9,"column":39}},"2":{"start":{"line":10,"column":29},"end":{"line":10,"column":42}},"3":{"start":{"line":12,"column":2},"end":{"line":31,"column":4}}},"fnMap":{"0":{"name":"(anonymous_0)","decl":{"start":{"line":8,"column":29},"end":{"line":8,"column":30}},"loc":{"start":{"line":8,"column":35},"end":{"line":32,"column":1}},"line":8}},"branchMap":{"0":{"loc":{"start":{"line":22,"column":26},"end":{"line":22,"column":70}},"type":"cond-expr","locations":[{"start":{"line":22,"column":43},"end":{"line":22,"column":54}},{"start":{"line":22,"column":57},"end":{"line":22,"column":70}}],"line":22},"1":{"loc":{"start":{"line":23,"column":14},"end":{"line":23,"column":61}},"type":"cond-expr","locations":[{"start":{"line":23,"column":31},"end":{"line":23,"column":56}},{"start":{"line":23,"column":59},"end":{"line":23,"column":61}}],"line":23}},"s":{"0":0,"1":0,"2":0,"3":0},"f":{"0":0},"b":{"0":[0,0],"1":[0,0]}}
,"D:\\Workspace\\interviews\\my-fertility-journey\\app\\(pages)\\dashboard.tsx": {"path":"D:\\Workspace\\interviews\\my-fertility-journey\\app\\(pages)\\dashboard.tsx","statementMap":{"0":{"start":{"line":10,"column":28},"end":{"line":51,"column":1}},"1":{"start":{"line":11,"column":23},"end":{"line":11,"column":39}},"2":{"start":{"line":12,"column":36},"end":{"line":12,"column":65}},"3":{"start":{"line":14,"column":29},"end":{"line":18,"column":3}},"4":{"start":{"line":15,"column":29},"end":{"line":15,"column":43}},"5":{"start":{"line":16,"column":4},"end":{"line":16,"column":69}},"6":{"start":{"line":17,"column":4},"end":{"line":17,"column":35}},"7":{"start":{"line":20,"column":21},"end":{"line":22,"column":3}},"8":{"start":{"line":21,"column":4},"end":{"line":21,"column":50}},"9":{"start":{"line":24,"column":23},"end":{"line":27,"column":3}},"10":{"start":{"line":25,"column":29},"end":{"line":25,"column":68}},"11":{"start":{"line":25,"column":56},"end":{"line":25,"column":67}},"12":{"start":{"line":26,"column":4},"end":{"line":26,"column":35}},"13":{"start":{"line":29,"column":2},"end":{"line":50,"column":4}}},"fnMap":{"0":{"name":"(anonymous_0)","decl":{"start":{"line":10,"column":28},"end":{"line":10,"column":29}},"loc":{"start":{"line":10,"column":34},"end":{"line":51,"column":1}},"line":10},"1":{"name":"(anonymous_1)","decl":{"start":{"line":14,"column":29},"end":{"line":14,"column":30}},"loc":{"start":{"line":14,"column":48},"end":{"line":18,"column":3}},"line":14},"2":{"name":"(anonymous_2)","decl":{"start":{"line":20,"column":21},"end":{"line":20,"column":22}},"loc":{"start":{"line":20,"column":40},"end":{"line":22,"column":3}},"line":20},"3":{"name":"(anonymous_3)","decl":{"start":{"line":24,"column":23},"end":{"line":24,"column":24}},"loc":{"start":{"line":24,"column":42},"end":{"line":27,"column":3}},"line":24},"4":{"name":"(anonymous_4)","decl":{"start":{"line":25,"column":46},"end":{"line":25,"column":47}},"loc":{"start":{"line":25,"column":56},"end":{"line":25,"column":67}},"line":25}},"branchMap":{},"s":{"0":0,"1":0,"2":0,"3":0,"4":0,"5":0,"6":0,"7":0,"8":0,"9":0,"10":0,"11":0,"12":0,"13":0},"f":{"0":0,"1":0,"2":0,"3":0,"4":0},"b":{}}
,"D:\\Workspace\\interviews\\my-fertility-journey\\app\\(pages)\\logs.tsx": {"path":"D:\\Workspace\\interviews\\my-fertility-journey\\app\\(pages)\\logs.tsx","statementMap":{"0":{"start":{"line":5,"column":23},"end":{"line":12,"column":1}},"1":{"start":{"line":6,"column":23},"end":{"line":6,"column":39}},"2":{"start":{"line":7,"column":2},"end":{"line":11,"column":4}}},"fnMap":{"0":{"name":"(anonymous_0)","decl":{"start":{"line":5,"column":23},"end":{"line":5,"column":24}},"loc":{"start":{"line":5,"column":29},"end":{"line":12,"column":1}},"line":5}},"branchMap":{},"s":{"0":0,"1":0,"2":0},"f":{"0":0},"b":{}}
,"D:\\Workspace\\interviews\\my-fertility-journey\\app\\(pages)\\patients.tsx": {"path":"D:\\Workspace\\interviews\\my-fertility-journey\\app\\(pages)\\patients.tsx","statementMap":{"0":{"start":{"line":5,"column":27},"end":{"line":14,"column":1}},"1":{"start":{"line":6,"column":23},"end":{"line":6,"column":39}},"2":{"start":{"line":7,"column":2},"end":{"line":13,"column":4}}},"fnMap":{"0":{"name":"(anonymous_0)","decl":{"start":{"line":5,"column":27},"end":{"line":5,"column":28}},"loc":{"start":{"line":5,"column":33},"end":{"line":14,"column":1}},"line":5}},"branchMap":{},"s":{"0":0,"1":0,"2":0},"f":{"0":0},"b":{}}
,"D:\\Workspace\\interviews\\my-fertility-journey\\app\\(pages)\\profile.tsx": {"path":"D:\\Workspace\\interviews\\my-fertility-journey\\app\\(pages)\\profile.tsx","statementMap":{"0":{"start":{"line":5,"column":26},"end":{"line":14,"column":1}},"1":{"start":{"line":6,"column":23},"end":{"line":6,"column":39}},"2":{"start":{"line":7,"column":2},"end":{"line":13,"column":4}}},"fnMap":{"0":{"name":"(anonymous_0)","decl":{"start":{"line":5,"column":26},"end":{"line":5,"column":27}},"loc":{"start":{"line":5,"column":32},"end":{"line":14,"column":1}},"line":5}},"branchMap":{},"s":{"0":0,"1":0,"2":0},"f":{"0":0},"b":{}}
,"D:\\Workspace\\interviews\\my-fertility-journey\\app\\(pages)\\users.tsx": {"path":"D:\\Workspace\\interviews\\my-fertility-journey\\app\\(pages)\\users.tsx","statementMap":{"0":{"start":{"line":5,"column":24},"end":{"line":14,"column":1}},"1":{"start":{"line":6,"column":23},"end":{"line":6,"column":39}},"2":{"start":{"line":7,"column":2},"end":{"line":13,"column":4}}},"fnMap":{"0":{"name":"(anonymous_0)","decl":{"start":{"line":5,"column":24},"end":{"line":5,"column":25}},"loc":{"start":{"line":5,"column":30},"end":{"line":14,"column":1}},"line":5}},"branchMap":{},"s":{"0":0,"1":0,"2":0},"f":{"0":0},"b":{}}
,"D:\\Workspace\\interviews\\my-fertility-journey\\components\\features\\NotificationDropdown.tsx": {"path":"D:\\Workspace\\interviews\\my-fertility-journey\\components\\features\\NotificationDropdown.tsx","statementMap":{"0":{"start":{"line":9,"column":39},"end":{"line":87,"column":1}},"1":{"start":{"line":10,"column":23},"end":{"line":10,"column":39}},"2":{"start":{"line":12,"column":24},"end":{"line":12,"column":60}},"3":{"start":{"line":12,"column":38},"end":{"line":12,"column":55}},"4":{"start":{"line":14,"column":2},"end":{"line":86,"column":4}},"5":{"start":{"line":43,"column":10},"end":{"line":76,"column":17}}},"fnMap":{"0":{"name":"(anonymous_0)","decl":{"start":{"line":9,"column":39},"end":{"line":9,"column":40}},"loc":{"start":{"line":9,"column":45},"end":{"line":87,"column":1}},"line":9},"1":{"name":"(anonymous_1)","decl":{"start":{"line":12,"column":32},"end":{"line":12,"column":33}},"loc":{"start":{"line":12,"column":38},"end":{"line":12,"column":55}},"line":12},"2":{"name":"(anonymous_2)","decl":{"start":{"line":42,"column":27},"end":{"line":42,"column":28}},"loc":{"start":{"line":43,"column":10},"end":{"line":76,"column":17}},"line":43}},"branchMap":{},"s":{"0":1,"1":1,"2":1,"3":1,"4":1,"5":2},"f":{"0":1,"1":1,"2":2},"b":{},"_coverageSchema":"1a1c01bbd47fc00a2c39e90264f33305004495a9","hash":"c88a162a68ffd216a3063dba9339b118b60a5789"}
,"D:\\Workspace\\interviews\\my-fertility-journey\\components\\features\\ProfileDropdown.tsx": {"path":"D:\\Workspace\\interviews\\my-fertility-journey\\components\\features\\ProfileDropdown.tsx","statementMap":{"0":{"start":{"line":16,"column":34},"end":{"line":127,"column":1}},"1":{"start":{"line":17,"column":36},"end":{"line":17,"column":52}},"2":{"start":{"line":18,"column":17},"end":{"line":18,"column":41}},"3":{"start":{"line":20,"column":45},"end":{"line":20,"column":58}},"4":{"start":{"line":21,"column":20},"end":{"line":21,"column":31}},"5":{"start":{"line":22,"column":22},"end":{"line":22,"column":25}},"6":{"start":{"line":24,"column":17},"end":{"line":24,"column":45}},"7":{"start":{"line":26,"column":2},"end":{"line":126,"column":4}},"8":{"start":{"line":47,"column":23},"end":{"line":47,"column":48}}},"fnMap":{"0":{"name":"(anonymous_0)","decl":{"start":{"line":16,"column":34},"end":{"line":16,"column":35}},"loc":{"start":{"line":16,"column":40},"end":{"line":127,"column":1}},"line":16},"1":{"name":"(anonymous_1)","decl":{"start":{"line":47,"column":17},"end":{"line":47,"column":18}},"loc":{"start":{"line":47,"column":23},"end":{"line":47,"column":48}},"line":47}},"branchMap":{"0":{"loc":{"start":{"line":50,"column":22},"end":{"line":50,"column":65}},"type":"cond-expr","locations":[{"start":{"line":50,"column":44},"end":{"line":50,"column":52}},{"start":{"line":50,"column":55},"end":{"line":50,"column":65}}],"line":50},"1":{"loc":{"start":{"line":66,"column":20},"end":{"line":66,"column":66}},"type":"cond-expr","locations":[{"start":{"line":66,"column":30},"end":{"line":66,"column":44}},{"start":{"line":66,"column":49},"end":{"line":66,"column":65}}],"line":66},"2":{"loc":{"start":{"line":72,"column":9},"end":{"line":123,"column":9}},"type":"binary-expr","locations":[{"start":{"line":72,"column":9},"end":{"line":72,"column":15}},{"start":{"line":73,"column":10},"end":{"line":122,"column":28}}],"line":72}},"s":{"0":1,"1":5,"2":5,"3":5,"4":5,"5":5,"6":5,"7":5,"8":0},"f":{"0":5,"1":0},"b":{"0":[0,5],"1":[0,5],"2":[5,0]},"_coverageSchema":"1a1c01bbd47fc00a2c39e90264f33305004495a9","hash":"2dcfff68427addf234fdbf5da6512ce1471f35fa"}
,"D:\\Workspace\\interviews\\my-fertility-journey\\components\\features\\dashboard\\CardView.tsx": {"path":"D:\\Workspace\\interviews\\my-fertility-journey\\components\\features\\dashboard\\CardView.tsx","statementMap":{"0":{"start":{"line":20,"column":45},"end":{"line":68,"column":1}},"1":{"start":{"line":26,"column":23},"end":{"line":26,"column":39}},"2":{"start":{"line":28,"column":2},"end":{"line":67,"column":4}}},"fnMap":{"0":{"name":"(anonymous_0)","decl":{"start":{"line":20,"column":45},"end":{"line":20,"column":46}},"loc":{"start":{"line":25,"column":6},"end":{"line":68,"column":1}},"line":25}},"branchMap":{"0":{"loc":{"start":{"line":42,"column":24},"end":{"line":42,"column":55}},"type":"cond-expr","locations":[{"start":{"line":42,"column":37},"end":{"line":42,"column":46}},{"start":{"line":42,"column":49},"end":{"line":42,"column":55}}],"line":42},"1":{"loc":{"start":{"line":45,"column":13},"end":{"line":45,"column":47}},"type":"cond-expr","locations":[{"start":{"line":45,"column":26},"end":{"line":45,"column":34}},{"start":{"line":45,"column":37},"end":{"line":45,"column":47}}],"line":45}},"s":{"0":0,"1":0,"2":0},"f":{"0":0},"b":{"0":[0,0],"1":[0,0]}}
,"D:\\Workspace\\interviews\\my-fertility-journey\\components\\features\\dashboard\\DashboardWidgets.tsx": {"path":"D:\\Workspace\\interviews\\my-fertility-journey\\components\\features\\dashboard\\DashboardWidgets.tsx","statementMap":{"0":{"start":{"line":12,"column":58},"end":{"line":74,"column":1}},"1":{"start":{"line":13,"column":23},"end":{"line":13,"column":39}},"2":{"start":{"line":15,"column":2},"end":{"line":73,"column":4}},"3":{"start":{"line":18,"column":8},"end":{"line":70,"column":15}}},"fnMap":{"0":{"name":"(anonymous_0)","decl":{"start":{"line":12,"column":58},"end":{"line":12,"column":59}},"loc":{"start":{"line":12,"column":72},"end":{"line":74,"column":1}},"line":12},"1":{"name":"(anonymous_1)","decl":{"start":{"line":17,"column":16},"end":{"line":17,"column":17}},"loc":{"start":{"line":18,"column":8},"end":{"line":70,"column":15}},"line":18}},"branchMap":{},"s":{"0":0,"1":0,"2":0,"3":0},"f":{"0":0,"1":0},"b":{}}
,"D:\\Workspace\\interviews\\my-fertility-journey\\components\\features\\dashboard\\NewestPractices.tsx": {"path":"D:\\Workspace\\interviews\\my-fertility-journey\\components\\features\\dashboard\\NewestPractices.tsx","statementMap":{"0":{"start":{"line":26,"column":56},"end":{"line":148,"column":1}},"1":{"start":{"line":32,"column":23},"end":{"line":32,"column":39}},"2":{"start":{"line":33,"column":20},"end":{"line":33,"column":41}},"3":{"start":{"line":35,"column":23},"end":{"line":35,"column":35}},"4":{"start":{"line":37,"column":22},"end":{"line":111,"column":3}},"5":{"start":{"line":38,"column":4},"end":{"line":110,"column":11}},"6":{"start":{"line":64,"column":8},"end":{"line":108,"column":10}},"7":{"start":{"line":75,"column":37},"end":{"line":75,"column":79}},"8":{"start":{"line":84,"column":31},"end":{"line":84,"column":65}},"9":{"start":{"line":95,"column":31},"end":{"line":95,"column":67}},"10":{"start":{"line":113,"column":22},"end":{"line":125,"column":3}},"11":{"start":{"line":114,"column":4},"end":{"line":124,"column":11}},"12":{"start":{"line":116,"column":8},"end":{"line":122,"column":10}},"13":{"start":{"line":119,"column":30},"end":{"line":119,"column":72}},"14":{"start":{"line":120,"column":24},"end":{"line":120,"column":58}},"15":{"start":{"line":121,"column":26},"end":{"line":121,"column":62}},"16":{"start":{"line":127,"column":2},"end":{"line":147,"column":4}}},"fnMap":{"0":{"name":"(anonymous_0)","decl":{"start":{"line":26,"column":56},"end":{"line":26,"column":57}},"loc":{"start":{"line":31,"column":6},"end":{"line":148,"column":1}},"line":31},"1":{"name":"(anonymous_1)","decl":{"start":{"line":37,"column":22},"end":{"line":37,"column":23}},"loc":{"start":{"line":38,"column":4},"end":{"line":110,"column":11}},"line":38},"2":{"name":"(anonymous_2)","decl":{"start":{"line":63,"column":16},"end":{"line":63,"column":17}},"loc":{"start":{"line":64,"column":8},"end":{"line":108,"column":10}},"line":64},"3":{"name":"(anonymous_3)","decl":{"start":{"line":75,"column":31},"end":{"line":75,"column":32}},"loc":{"start":{"line":75,"column":37},"end":{"line":75,"column":79}},"line":75},"4":{"name":"(anonymous_4)","decl":{"start":{"line":84,"column":25},"end":{"line":84,"column":26}},"loc":{"start":{"line":84,"column":31},"end":{"line":84,"column":65}},"line":84},"5":{"name":"(anonymous_5)","decl":{"start":{"line":95,"column":25},"end":{"line":95,"column":26}},"loc":{"start":{"line":95,"column":31},"end":{"line":95,"column":67}},"line":95},"6":{"name":"(anonymous_6)","decl":{"start":{"line":113,"column":22},"end":{"line":113,"column":23}},"loc":{"start":{"line":114,"column":4},"end":{"line":124,"column":11}},"line":114},"7":{"name":"(anonymous_7)","decl":{"start":{"line":115,"column":16},"end":{"line":115,"column":17}},"loc":{"start":{"line":116,"column":8},"end":{"line":122,"column":10}},"line":116},"8":{"name":"(anonymous_8)","decl":{"start":{"line":119,"column":24},"end":{"line":119,"column":25}},"loc":{"start":{"line":119,"column":30},"end":{"line":119,"column":72}},"line":119},"9":{"name":"(anonymous_9)","decl":{"start":{"line":120,"column":18},"end":{"line":120,"column":19}},"loc":{"start":{"line":120,"column":24},"end":{"line":120,"column":58}},"line":120},"10":{"name":"(anonymous_10)","decl":{"start":{"line":121,"column":20},"end":{"line":121,"column":21}},"loc":{"start":{"line":121,"column":26},"end":{"line":121,"column":62}},"line":121}},"branchMap":{"0":{"loc":{"start":{"line":65,"column":15},"end":{"line":65,"column":39}},"type":"binary-expr","locations":[{"start":{"line":65,"column":15},"end":{"line":65,"column":21}},{"start":{"line":65,"column":25},"end":{"line":65,"column":39}}],"line":65},"1":{"loc":{"start":{"line":73,"column":41},"end":{"line":73,"column":56}},"type":"binary-expr","locations":[{"start":{"line":73,"column":41},"end":{"line":73,"column":47}},{"start":{"line":73,"column":51},"end":{"line":73,"column":56}}],"line":73},"2":{"loc":{"start":{"line":75,"column":52},"end":{"line":75,"column":78}},"type":"binary-expr","locations":[{"start":{"line":75,"column":52},"end":{"line":75,"column":58}},{"start":{"line":75,"column":62},"end":{"line":75,"column":78}}],"line":75},"3":{"loc":{"start":{"line":82,"column":39},"end":{"line":82,"column":54}},"type":"binary-expr","locations":[{"start":{"line":82,"column":39},"end":{"line":82,"column":45}},{"start":{"line":82,"column":49},"end":{"line":82,"column":54}}],"line":82},"4":{"loc":{"start":{"line":84,"column":38},"end":{"line":84,"column":64}},"type":"binary-expr","locations":[{"start":{"line":84,"column":38},"end":{"line":84,"column":44}},{"start":{"line":84,"column":48},"end":{"line":84,"column":64}}],"line":84},"5":{"loc":{"start":{"line":94,"column":41},"end":{"line":94,"column":56}},"type":"binary-expr","locations":[{"start":{"line":94,"column":41},"end":{"line":94,"column":47}},{"start":{"line":94,"column":51},"end":{"line":94,"column":56}}],"line":94},"6":{"loc":{"start":{"line":95,"column":40},"end":{"line":95,"column":66}},"type":"binary-expr","locations":[{"start":{"line":95,"column":40},"end":{"line":95,"column":46}},{"start":{"line":95,"column":50},"end":{"line":95,"column":66}}],"line":95},"7":{"loc":{"start":{"line":117,"column":15},"end":{"line":117,"column":40}},"type":"binary-expr","locations":[{"start":{"line":117,"column":15},"end":{"line":117,"column":21}},{"start":{"line":117,"column":25},"end":{"line":117,"column":40}}],"line":117},"8":{"loc":{"start":{"line":119,"column":45},"end":{"line":119,"column":71}},"type":"binary-expr","locations":[{"start":{"line":119,"column":45},"end":{"line":119,"column":51}},{"start":{"line":119,"column":55},"end":{"line":119,"column":71}}],"line":119},"9":{"loc":{"start":{"line":120,"column":31},"end":{"line":120,"column":57}},"type":"binary-expr","locations":[{"start":{"line":120,"column":31},"end":{"line":120,"column":37}},{"start":{"line":120,"column":41},"end":{"line":120,"column":57}}],"line":120},"10":{"loc":{"start":{"line":121,"column":35},"end":{"line":121,"column":61}},"type":"binary-expr","locations":[{"start":{"line":121,"column":35},"end":{"line":121,"column":41}},{"start":{"line":121,"column":45},"end":{"line":121,"column":61}}],"line":121},"11":{"loc":{"start":{"line":132,"column":7},"end":{"line":132,"column":51}},"type":"cond-expr","locations":[{"start":{"line":132,"column":22},"end":{"line":132,"column":35}},{"start":{"line":132,"column":38},"end":{"line":132,"column":51}}],"line":132}},"s":{"0":0,"1":0,"2":0,"3":0,"4":0,"5":0,"6":0,"7":0,"8":0,"9":0,"10":0,"11":0,"12":0,"13":0,"14":0,"15":0,"16":0},"f":{"0":0,"1":0,"2":0,"3":0,"4":0,"5":0,"6":0,"7":0,"8":0,"9":0,"10":0},"b":{"0":[0,0],"1":[0,0],"2":[0,0],"3":[0,0],"4":[0,0],"5":[0,0],"6":[0,0],"7":[0,0],"8":[0,0],"9":[0,0],"10":[0,0],"11":[0,0]}}
,"D:\\Workspace\\interviews\\my-fertility-journey\\components\\features\\dashboard\\StatusOverview.tsx": {"path":"D:\\Workspace\\interviews\\my-fertility-journey\\components\\features\\dashboard\\StatusOverview.tsx","statementMap":{"0":{"start":{"line":7,"column":19},"end":{"line":11,"column":1}},"1":{"start":{"line":13,"column":33},"end":{"line":53,"column":1}},"2":{"start":{"line":14,"column":23},"end":{"line":14,"column":39}},"3":{"start":{"line":16,"column":2},"end":{"line":52,"column":4}},"4":{"start":{"line":20,"column":10},"end":{"line":48,"column":17}}},"fnMap":{"0":{"name":"(anonymous_0)","decl":{"start":{"line":13,"column":33},"end":{"line":13,"column":34}},"loc":{"start":{"line":13,"column":39},"end":{"line":53,"column":1}},"line":13},"1":{"name":"(anonymous_1)","decl":{"start":{"line":19,"column":24},"end":{"line":19,"column":25}},"loc":{"start":{"line":20,"column":10},"end":{"line":48,"column":17}},"line":20}},"branchMap":{},"s":{"0":0,"1":0,"2":0,"3":0,"4":0},"f":{"0":0,"1":0},"b":{}}
,"D:\\Workspace\\interviews\\my-fertility-journey\\components\\features\\dashboard\\dashboardWidgets.data.ts": {"path":"D:\\Workspace\\interviews\\my-fertility-journey\\components\\features\\dashboard\\dashboardWidgets.data.ts","statementMap":{"0":{"start":{"line":19,"column":50},"end":{"line":86,"column":1}}},"fnMap":{},"branchMap":{},"s":{"0":0},"f":{},"b":{}}
,"D:\\Workspace\\interviews\\my-fertility-journey\\components\\features\\dashboard\\newestPractices.data.ts": {"path":"D:\\Workspace\\interviews\\my-fertility-journey\\components\\features\\dashboard\\newestPractices.data.ts","statementMap":{"0":{"start":{"line":10,"column":51},"end":{"line":32,"column":1}}},"fnMap":{},"branchMap":{},"s":{"0":0},"f":{},"b":{}}
,"D:\\Workspace\\interviews\\my-fertility-journey\\components\\layout\\Layout.tsx": {"path":"D:\\Workspace\\interviews\\my-fertility-journey\\components\\layout\\Layout.tsx","statementMap":{"0":{"start":{"line":8,"column":56},"end":{"line":25,"column":1}},"1":{"start":{"line":9,"column":23},"end":{"line":9,"column":39}},"2":{"start":{"line":11,"column":2},"end":{"line":24,"column":4}}},"fnMap":{"0":{"name":"(anonymous_0)","decl":{"start":{"line":8,"column":56},"end":{"line":8,"column":57}},"loc":{"start":{"line":8,"column":74},"end":{"line":25,"column":1}},"line":8}},"branchMap":{},"s":{"0":0,"1":0,"2":0},"f":{"0":0},"b":{}}
,"D:\\Workspace\\interviews\\my-fertility-journey\\components\\layout\\Navbar.tsx": {"path":"D:\\Workspace\\interviews\\my-fertility-journey\\components\\layout\\Navbar.tsx","statementMap":{"0":{"start":{"line":10,"column":25},"end":{"line":62,"column":1}},"1":{"start":{"line":11,"column":36},"end":{"line":11,"column":52}},"2":{"start":{"line":12,"column":45},"end":{"line":12,"column":58}},"3":{"start":{"line":14,"column":2},"end":{"line":61,"column":4}},"4":{"start":{"line":29,"column":25},"end":{"line":29,"column":56}},"5":{"start":{"line":56,"column":23},"end":{"line":56,"column":48}}},"fnMap":{"0":{"name":"(anonymous_0)","decl":{"start":{"line":10,"column":25},"end":{"line":10,"column":26}},"loc":{"start":{"line":10,"column":31},"end":{"line":62,"column":1}},"line":10},"1":{"name":"(anonymous_1)","decl":{"start":{"line":29,"column":19},"end":{"line":29,"column":20}},"loc":{"start":{"line":29,"column":25},"end":{"line":29,"column":56}},"line":29},"2":{"name":"(anonymous_2)","decl":{"start":{"line":56,"column":17},"end":{"line":56,"column":18}},"loc":{"start":{"line":56,"column":23},"end":{"line":56,"column":48}},"line":56}},"branchMap":{"0":{"loc":{"start":{"line":24,"column":22},"end":{"line":24,"column":69}},"type":"cond-expr","locations":[{"start":{"line":24,"column":48},"end":{"line":24,"column":56}},{"start":{"line":24,"column":59},"end":{"line":24,"column":69}}],"line":24},"1":{"loc":{"start":{"line":51,"column":9},"end":{"line":51,"column":71}},"type":"binary-expr","locations":[{"start":{"line":51,"column":9},"end":{"line":51,"column":43}},{"start":{"line":51,"column":47},"end":{"line":51,"column":71}}],"line":51}},"s":{"0":1,"1":5,"2":5,"3":5,"4":1,"5":1},"f":{"0":5,"1":1,"2":1},"b":{"0":[0,5],"1":[5,1]},"_coverageSchema":"1a1c01bbd47fc00a2c39e90264f33305004495a9","hash":"a695613e0742184845ff8b93e7b584492687dba9"}
,"D:\\Workspace\\interviews\\my-fertility-journey\\components\\layout\\Sidebar.tsx": {"path":"D:\\Workspace\\interviews\\my-fertility-journey\\components\\layout\\Sidebar.tsx","statementMap":{"0":{"start":{"line":11,"column":26},"end":{"line":61,"column":1}},"1":{"start":{"line":12,"column":41},"end":{"line":12,"column":53}},"2":{"start":{"line":13,"column":49},"end":{"line":13,"column":65}},"3":{"start":{"line":14,"column":20},"end":{"line":14,"column":31}},"4":{"start":{"line":16,"column":2},"end":{"line":60,"column":4}}},"fnMap":{"0":{"name":"(anonymous_0)","decl":{"start":{"line":11,"column":26},"end":{"line":11,"column":27}},"loc":{"start":{"line":11,"column":32},"end":{"line":61,"column":1}},"line":11}},"branchMap":{"0":{"loc":{"start":{"line":22,"column":12},"end":{"line":28,"column":19}},"type":"cond-expr","locations":[{"start":{"line":23,"column":16},"end":{"line":27,"column":26}},{"start":{"line":28,"column":16},"end":{"line":28,"column":19}}],"line":22},"1":{"loc":{"start":{"line":23,"column":16},"end":{"line":27,"column":26}},"type":"cond-expr","locations":[{"start":{"line":24,"column":18},"end":{"line":24,"column":20}},{"start":{"line":25,"column":18},"end":{"line":27,"column":26}}],"line":23},"2":{"loc":{"start":{"line":25,"column":18},"end":{"line":27,"column":26}},"type":"cond-expr","locations":[{"start":{"line":26,"column":20},"end":{"line":26,"column":23}},{"start":{"line":27,"column":20},"end":{"line":27,"column":26}}],"line":25},"3":{"loc":{"start":{"line":36,"column":7},"end":{"line":56,"column":7}},"type":"cond-expr","locations":[{"start":{"line":37,"column":8},"end":{"line":53,"column":15}},{"start":{"line":55,"column":8},"end":{"line":55,"column":23}}],"line":36},"4":{"loc":{"start":{"line":38,"column":11},"end":{"line":38,"column":42}},"type":"binary-expr","locations":[{"start":{"line":38,"column":11},"end":{"line":38,"column":23}},{"start":{"line":38,"column":27},"end":{"line":38,"column":42}}],"line":38},"5":{"loc":{"start":{"line":42,"column":20},"end":{"line":42,"column":58}},"type":"cond-expr","locations":[{"start":{"line":42,"column":34},"end":{"line":42,"column":44}},{"start":{"line":42,"column":47},"end":{"line":42,"column":58}}],"line":42},"6":{"loc":{"start":{"line":49,"column":14},"end":{"line":49,"column":73}},"type":"binary-expr","locations":[{"start":{"line":49,"column":15},"end":{"line":49,"column":59}},{"start":{"line":49,"column":64},"end":{"line":49,"column":73}}],"line":49}},"s":{"0":0,"1":0,"2":0,"3":0,"4":0},"f":{"0":0},"b":{"0":[0,0],"1":[0,0],"2":[0,0],"3":[0,0],"4":[0,0],"5":[0,0],"6":[0,0]}}
,"D:\\Workspace\\interviews\\my-fertility-journey\\components\\layout\\SidebarContext.tsx": {"path":"D:\\Workspace\\interviews\\my-fertility-journey\\components\\layout\\SidebarContext.tsx","statementMap":{"0":{"start":{"line":11,"column":23},"end":{"line":13,"column":1}},"1":{"start":{"line":15,"column":63},"end":{"line":26,"column":1}},"2":{"start":{"line":18,"column":40},"end":{"line":18,"column":54}},"3":{"start":{"line":19,"column":24},"end":{"line":19,"column":58}},"4":{"start":{"line":19,"column":30},"end":{"line":19,"column":58}},"5":{"start":{"line":21,"column":2},"end":{"line":25,"column":4}},"6":{"start":{"line":28,"column":26},"end":{"line":34,"column":1}},"7":{"start":{"line":29,"column":18},"end":{"line":29,"column":44}},"8":{"start":{"line":30,"column":2},"end":{"line":32,"column":3}},"9":{"start":{"line":31,"column":4},"end":{"line":31,"column":72}},"10":{"start":{"line":33,"column":2},"end":{"line":33,"column":17}}},"fnMap":{"0":{"name":"(anonymous_0)","decl":{"start":{"line":15,"column":63},"end":{"line":15,"column":64}},"loc":{"start":{"line":17,"column":6},"end":{"line":26,"column":1}},"line":17},"1":{"name":"(anonymous_1)","decl":{"start":{"line":19,"column":24},"end":{"line":19,"column":25}},"loc":{"start":{"line":19,"column":30},"end":{"line":19,"column":58}},"line":19},"2":{"name":"(anonymous_2)","decl":{"start":{"line":28,"column":26},"end":{"line":28,"column":27}},"loc":{"start":{"line":28,"column":32},"end":{"line":34,"column":1}},"line":28}},"branchMap":{"0":{"loc":{"start":{"line":30,"column":2},"end":{"line":32,"column":3}},"type":"if","locations":[{"start":{"line":30,"column":2},"end":{"line":32,"column":3}},{"start":{},"end":{}}],"line":30}},"s":{"0":0,"1":0,"2":0,"3":0,"4":0,"5":0,"6":0,"7":0,"8":0,"9":0,"10":0},"f":{"0":0,"1":0,"2":0},"b":{"0":[0,0]}}
,"D:\\Workspace\\interviews\\my-fertility-journey\\components\\layout\\SidebarItem.tsx": {"path":"D:\\Workspace\\interviews\\my-fertility-journey\\components\\layout\\SidebarItem.tsx","statementMap":{"0":{"start":{"line":15,"column":37},"end":{"line":62,"column":1}},"1":{"start":{"line":23,"column":23},"end":{"line":23,"column":39}},"2":{"start":{"line":25,"column":2},"end":{"line":61,"column":4}}},"fnMap":{"0":{"name":"(anonymous_0)","decl":{"start":{"line":15,"column":37},"end":{"line":15,"column":38}},"loc":{"start":{"line":22,"column":6},"end":{"line":62,"column":1}},"line":22}},"branchMap":{"0":{"loc":{"start":{"line":31,"column":12},"end":{"line":31,"column":74}},"type":"binary-expr","locations":[{"start":{"line":31,"column":12},"end":{"line":31,"column":27}},{"start":{"line":31,"column":31},"end":{"line":31,"column":74}}],"line":31},"1":{"loc":{"start":{"line":35,"column":26},"end":{"line":35,"column":63}},"type":"cond-expr","locations":[{"start":{"line":35,"column":40},"end":{"line":35,"column":48}},{"start":{"line":35,"column":51},"end":{"line":35,"column":63}}],"line":35},"2":{"loc":{"start":{"line":43,"column":26},"end":{"line":43,"column":42}},"type":"binary-expr","locations":[{"start":{"line":43,"column":26},"end":{"line":43,"column":36}},{"start":{"line":43,"column":40},"end":{"line":43,"column":42}}],"line":43},"3":{"loc":{"start":{"line":48,"column":7},"end":{"line":59,"column":9}},"type":"binary-expr","locations":[{"start":{"line":48,"column":7},"end":{"line":48,"column":19}},{"start":{"line":49,"column":8},"end":{"line":49,"column":37}},{"start":{"line":50,"column":8},"end":{"line":50,"column":31}},{"start":{"line":51,"column":10},"end":{"line":58,"column":17}}],"line":48}},"s":{"0":0,"1":0,"2":0},"f":{"0":0},"b":{"0":[0,0],"1":[0,0],"2":[0,0],"3":[0,0,0,0]}}
,"D:\\Workspace\\interviews\\my-fertility-journey\\components\\layout\\SidebarLogo.tsx": {"path":"D:\\Workspace\\interviews\\my-fertility-journey\\components\\layout\\SidebarLogo.tsx","statementMap":{"0":{"start":{"line":6,"column":30},"end":{"line":18,"column":1}},"1":{"start":{"line":7,"column":23},"end":{"line":7,"column":39}},"2":{"start":{"line":9,"column":2},"end":{"line":17,"column":4}}},"fnMap":{"0":{"name":"(anonymous_0)","decl":{"start":{"line":6,"column":30},"end":{"line":6,"column":31}},"loc":{"start":{"line":6,"column":36},"end":{"line":18,"column":1}},"line":6}},"branchMap":{},"s":{"0":0,"1":0,"2":0},"f":{"0":0},"b":{}}
,"D:\\Workspace\\interviews\\my-fertility-journey\\components\\layout\\SidebarMenu.tsx": {"path":"D:\\Workspace\\interviews\\my-fertility-journey\\components\\layout\\SidebarMenu.tsx","statementMap":{"0":{"start":{"line":15,"column":37},"end":{"line":96,"column":1}},"1":{"start":{"line":16,"column":49},"end":{"line":16,"column":65}},"2":{"start":{"line":17,"column":16},"end":{"line":17,"column":33}},"3":{"start":{"line":18,"column":17},"end":{"line":18,"column":28}},"4":{"start":{"line":19,"column":19},"end":{"line":19,"column":32}},"5":{"start":{"line":20,"column":29},"end":{"line":20,"column":42}},"6":{"start":{"line":22,"column":30},"end":{"line":22,"column":64}},"7":{"start":{"line":23,"column":24},"end":{"line":23,"column":52}},"8":{"start":{"line":25,"column":23},"end":{"line":39,"column":5}},"9":{"start":{"line":25,"column":52},"end":{"line":39,"column":3}},"10":{"start":{"line":41,"column":2},"end":{"line":95,"column":4}},"11":{"start":{"line":79,"column":25},"end":{"line":79,"column":47}},"12":{"start":{"line":80,"column":23},"end":{"line":80,"column":48}},"13":{"start":{"line":81,"column":8},"end":{"line":81,"column":41}},"14":{"start":{"line":81,"column":29},"end":{"line":81,"column":41}},"15":{"start":{"line":82,"column":8},"end":{"line":92,"column":10}},"16":{"start":{"line":86,"column":27},"end":{"line":86,"column":56}}},"fnMap":{"0":{"name":"(anonymous_0)","decl":{"start":{"line":15,"column":37},"end":{"line":15,"column":38}},"loc":{"start":{"line":15,"column":58},"end":{"line":96,"column":1}},"line":15},"1":{"name":"(anonymous_1)","decl":{"start":{"line":25,"column":41},"end":{"line":25,"column":42}},"loc":{"start":{"line":25,"column":52},"end":{"line":39,"column":3}},"line":25},"2":{"name":"(anonymous_2)","decl":{"start":{"line":78,"column":24},"end":{"line":78,"column":25}},"loc":{"start":{"line":78,"column":34},"end":{"line":93,"column":7}},"line":78},"3":{"name":"(anonymous_3)","decl":{"start":{"line":86,"column":21},"end":{"line":86,"column":22}},"loc":{"start":{"line":86,"column":27},"end":{"line":86,"column":56}},"line":86}},"branchMap":{"0":{"loc":{"start":{"line":28,"column":6},"end":{"line":38,"column":11}},"type":"cond-expr","locations":[{"start":{"line":29,"column":10},"end":{"line":35,"column":31}},{"start":{"line":36,"column":10},"end":{"line":38,"column":11}}],"line":28},"1":{"loc":{"start":{"line":28,"column":6},"end":{"line":28,"column":42}},"type":"binary-expr","locations":[{"start":{"line":28,"column":6},"end":{"line":28,"column":19}},{"start":{"line":28,"column":23},"end":{"line":28,"column":42}}],"line":28},"2":{"loc":{"start":{"line":43,"column":22},"end":{"line":43,"column":78}},"type":"cond-expr","locations":[{"start":{"line":43,"column":62},"end":{"line":43,"column":68}},{"start":{"line":43,"column":71},"end":{"line":43,"column":78}}],"line":43},"3":{"loc":{"start":{"line":43,"column":22},"end":{"line":43,"column":59}},"type":"binary-expr","locations":[{"start":{"line":43,"column":22},"end":{"line":43,"column":33}},{"start":{"line":43,"column":37},"end":{"line":43,"column":59}}],"line":43},"4":{"loc":{"start":{"line":45,"column":7},"end":{"line":76,"column":7}},"type":"binary-expr","locations":[{"start":{"line":45,"column":7},"end":{"line":45,"column":26}},{"start":{"line":46,"column":8},"end":{"line":75,"column":15}}],"line":45},"5":{"loc":{"start":{"line":52,"column":33},"end":{"line":52,"column":79}},"type":"cond-expr","locations":[{"start":{"line":52,"column":73},"end":{"line":52,"column":74}},{"start":{"line":52,"column":77},"end":{"line":52,"column":79}}],"line":52},"6":{"loc":{"start":{"line":52,"column":33},"end":{"line":52,"column":70}},"type":"binary-expr","locations":[{"start":{"line":52,"column":33},"end":{"line":52,"column":44}},{"start":{"line":52,"column":48},"end":{"line":52,"column":70}}],"line":52},"7":{"loc":{"start":{"line":69,"column":25},"end":{"line":69,"column":72}},"type":"cond-expr","locations":[{"start":{"line":69,"column":67},"end":{"line":69,"column":68}},{"start":{"line":69,"column":71},"end":{"line":69,"column":72}}],"line":69},"8":{"loc":{"start":{"line":69,"column":25},"end":{"line":69,"column":64}},"type":"binary-expr","locations":[{"start":{"line":69,"column":25},"end":{"line":69,"column":48}},{"start":{"line":69,"column":52},"end":{"line":69,"column":64}}],"line":69},"9":{"loc":{"start":{"line":81,"column":8},"end":{"line":81,"column":41}},"type":"if","locations":[{"start":{"line":81,"column":8},"end":{"line":81,"column":41}},{"start":{},"end":{}}],"line":81},"10":{"loc":{"start":{"line":88,"column":23},"end":{"line":88,"column":46}},"type":"binary-expr","locations":[{"start":{"line":88,"column":23},"end":{"line":88,"column":35}},{"start":{"line":88,"column":39},"end":{"line":88,"column":46}}],"line":88},"11":{"loc":{"start":{"line":89,"column":23},"end":{"line":89,"column":49}},"type":"binary-expr","locations":[{"start":{"line":89,"column":23},"end":{"line":89,"column":39}},{"start":{"line":89,"column":43},"end":{"line":89,"column":49}}],"line":89},"12":{"loc":{"start":{"line":90,"column":25},"end":{"line":90,"column":62}},"type":"binary-expr","locations":[{"start":{"line":90,"column":25},"end":{"line":90,"column":36}},{"start":{"line":90,"column":40},"end":{"line":90,"column":62}}],"line":90}},"s":{"0":0,"1":0,"2":0,"3":0,"4":0,"5":0,"6":0,"7":0,"8":0,"9":0,"10":0,"11":0,"12":0,"13":0,"14":0,"15":0,"16":0},"f":{"0":0,"1":0,"2":0,"3":0},"b":{"0":[0,0],"1":[0,0],"2":[0,0],"3":[0,0],"4":[0,0],"5":[0,0],"6":[0,0],"7":[0,0],"8":[0,0],"9":[0,0],"10":[0,0],"11":[0,0],"12":[0,0]}}
,"D:\\Workspace\\interviews\\my-fertility-journey\\context\\DropdownProvider.tsx": {"path":"D:\\Workspace\\interviews\\my-fertility-journey\\context\\DropdownProvider.tsx","statementMap":{"0":{"start":{"line":9,"column":24},"end":{"line":11,"column":1}},"1":{"start":{"line":13,"column":73},"end":{"line":33,"column":1}},"2":{"start":{"line":16,"column":46},"end":{"line":16,"column":75}},"3":{"start":{"line":18,"column":25},"end":{"line":20,"column":8}},"4":{"start":{"line":19,"column":4},"end":{"line":19,"column":71}},"5":{"start":{"line":19,"column":33},"end":{"line":19,"column":68}},"6":{"start":{"line":22,"column":24},"end":{"line":24,"column":8}},"7":{"start":{"line":23,"column":4},"end":{"line":23,"column":28}},"8":{"start":{"line":26,"column":2},"end":{"line":32,"column":4}},"9":{"start":{"line":35,"column":27},"end":{"line":41,"column":1}},"10":{"start":{"line":36,"column":18},"end":{"line":36,"column":45}},"11":{"start":{"line":37,"column":2},"end":{"line":39,"column":3}},"12":{"start":{"line":38,"column":4},"end":{"line":38,"column":74}},"13":{"start":{"line":40,"column":2},"end":{"line":40,"column":17}}},"fnMap":{"0":{"name":"(anonymous_0)","decl":{"start":{"line":13,"column":73},"end":{"line":13,"column":74}},"loc":{"start":{"line":15,"column":6},"end":{"line":33,"column":1}},"line":15},"1":{"name":"(anonymous_1)","decl":{"start":{"line":18,"column":37},"end":{"line":18,"column":38}},"loc":{"start":{"line":18,"column":59},"end":{"line":20,"column":3}},"line":18},"2":{"name":"(anonymous_2)","decl":{"start":{"line":19,"column":22},"end":{"line":19,"column":23}},"loc":{"start":{"line":19,"column":33},"end":{"line":19,"column":68}},"line":19},"3":{"name":"(anonymous_3)","decl":{"start":{"line":22,"column":36},"end":{"line":22,"column":37}},"loc":{"start":{"line":22,"column":42},"end":{"line":24,"column":3}},"line":22},"4":{"name":"(anonymous_4)","decl":{"start":{"line":35,"column":27},"end":{"line":35,"column":28}},"loc":{"start":{"line":35,"column":33},"end":{"line":41,"column":1}},"line":35}},"branchMap":{"0":{"loc":{"start":{"line":19,"column":33},"end":{"line":19,"column":68}},"type":"cond-expr","locations":[{"start":{"line":19,"column":53},"end":{"line":19,"column":57}},{"start":{"line":19,"column":60},"end":{"line":19,"column":68}}],"line":19},"1":{"loc":{"start":{"line":37,"column":2},"end":{"line":39,"column":3}},"type":"if","locations":[{"start":{"line":37,"column":2},"end":{"line":39,"column":3}},{"start":{},"end":{}}],"line":37}},"s":{"0":0,"1":0,"2":0,"3":0,"4":0,"5":0,"6":0,"7":0,"8":0,"9":0,"10":0,"11":0,"12":0,"13":0},"f":{"0":0,"1":0,"2":0,"3":0,"4":0},"b":{"0":[0,0],"1":[0,0]}}
,"D:\\Workspace\\interviews\\my-fertility-journey\\hooks\\useDropdown.tsx": {"path":"D:\\Workspace\\interviews\\my-fertility-journey\\hooks\\useDropdown.tsx","statementMap":{"0":{"start":{"line":3,"column":20},"end":{"line":15,"column":1}},"1":{"start":{"line":4,"column":30},"end":{"line":4,"column":45}},"2":{"start":{"line":6,"column":25},"end":{"line":8,"column":8}},"3":{"start":{"line":7,"column":4},"end":{"line":7,"column":31}},"4":{"start":{"line":7,"column":24},"end":{"line":7,"column":29}},"5":{"start":{"line":10,"column":24},"end":{"line":12,"column":8}},"6":{"start":{"line":11,"column":4},"end":{"line":11,"column":21}},"7":{"start":{"line":14,"column":2},"end":{"line":14,"column":51}}},"fnMap":{"0":{"name":"(anonymous_0)","decl":{"start":{"line":3,"column":20},"end":{"line":3,"column":21}},"loc":{"start":{"line":3,"column":26},"end":{"line":15,"column":1}},"line":3},"1":{"name":"(anonymous_1)","decl":{"start":{"line":6,"column":37},"end":{"line":6,"column":38}},"loc":{"start":{"line":6,"column":43},"end":{"line":8,"column":3}},"line":6},"2":{"name":"(anonymous_2)","decl":{"start":{"line":7,"column":14},"end":{"line":7,"column":15}},"loc":{"start":{"line":7,"column":24},"end":{"line":7,"column":29}},"line":7},"3":{"name":"(anonymous_3)","decl":{"start":{"line":10,"column":36},"end":{"line":10,"column":37}},"loc":{"start":{"line":10,"column":42},"end":{"line":12,"column":3}},"line":10}},"branchMap":{},"s":{"0":0,"1":0,"2":0,"3":0,"4":0,"5":0,"6":0,"7":0},"f":{"0":0,"1":0,"2":0,"3":0},"b":{}}
,"D:\\Workspace\\interviews\\my-fertility-journey\\hooks\\useSidebarState.ts": {"path":"D:\\Workspace\\interviews\\my-fertility-journey\\hooks\\useSidebarState.ts","statementMap":{"0":{"start":{"line":5,"column":24},"end":{"line":19,"column":1}},"1":{"start":{"line":6,"column":20},"end":{"line":6,"column":41}},"2":{"start":{"line":8,"column":42},"end":{"line":8,"column":75}},"3":{"start":{"line":10,"column":2},"end":{"line":16,"column":14}},"4":{"start":{"line":11,"column":4},"end":{"line":15,"column":5}},"5":{"start":{"line":12,"column":6},"end":{"line":12,"column":28}},"6":{"start":{"line":14,"column":6},"end":{"line":14,"column":27}},"7":{"start":{"line":18,"column":2},"end":{"line":18,"column":63}}},"fnMap":{"0":{"name":"(anonymous_0)","decl":{"start":{"line":5,"column":24},"end":{"line":5,"column":25}},"loc":{"start":{"line":5,"column":30},"end":{"line":19,"column":1}},"line":5},"1":{"name":"(anonymous_1)","decl":{"start":{"line":10,"column":12},"end":{"line":10,"column":13}},"loc":{"start":{"line":10,"column":18},"end":{"line":16,"column":3}},"line":10}},"branchMap":{"0":{"loc":{"start":{"line":11,"column":4},"end":{"line":15,"column":5}},"type":"if","locations":[{"start":{"line":11,"column":4},"end":{"line":15,"column":5}},{"start":{"line":13,"column":11},"end":{"line":15,"column":5}}],"line":11}},"s":{"0":0,"1":0,"2":0,"3":0,"4":0,"5":0,"6":0,"7":0},"f":{"0":0,"1":0},"b":{"0":[0,0]}}
,"D:\\Workspace\\interviews\\my-fertility-journey\\scripts\\reset-project.js": {"path":"D:\\Workspace\\interviews\\my-fertility-journey\\scripts\\reset-project.js","statementMap":{"0":{"start":{"line":9,"column":11},"end":{"line":9,"column":24}},"1":{"start":{"line":10,"column":13},"end":{"line":10,"column":28}},"2":{"start":{"line":12,"column":13},"end":{"line":12,"column":26}},"3":{"start":{"line":13,"column":16},"end":{"line":13,"column":70}},"4":{"start":{"line":14,"column":15},"end":{"line":14,"column":28}},"5":{"start":{"line":15,"column":18},"end":{"line":15,"column":23}},"6":{"start":{"line":16,"column":19},"end":{"line":16,"column":42}},"7":{"start":{"line":18,"column":21},"end":{"line":33,"column":1}},"8":{"start":{"line":35,"column":22},"end":{"line":40,"column":1}},"9":{"start":{"line":42,"column":24},"end":{"line":82,"column":1}},"10":{"start":{"line":43,"column":2},"end":{"line":81,"column":3}},"11":{"start":{"line":45,"column":4},"end":{"line":45,"column":61}},"12":{"start":{"line":46,"column":4},"end":{"line":46,"column":52}},"13":{"start":{"line":49,"column":4},"end":{"line":58,"column":5}},"14":{"start":{"line":50,"column":25},"end":{"line":50,"column":45}},"15":{"start":{"line":51,"column":25},"end":{"line":51,"column":53}},"16":{"start":{"line":52,"column":6},"end":{"line":57,"column":7}},"17":{"start":{"line":53,"column":8},"end":{"line":53,"column":57}},"18":{"start":{"line":54,"column":8},"end":{"line":54,"column":62}},"19":{"start":{"line":56,"column":8},"end":{"line":56,"column":60}},"20":{"start":{"line":61,"column":26},"end":{"line":61,"column":52}},"21":{"start":{"line":62,"column":4},"end":{"line":62,"column":64}},"22":{"start":{"line":63,"column":4},"end":{"line":63,"column":52}},"23":{"start":{"line":66,"column":22},"end":{"line":66,"column":59}},"24":{"start":{"line":67,"column":4},"end":{"line":67,"column":57}},"25":{"start":{"line":68,"column":4},"end":{"line":68,"column":45}},"26":{"start":{"line":71,"column":23},"end":{"line":71,"column":62}},"27":{"start":{"line":72,"column":4},"end":{"line":72,"column":59}},"28":{"start":{"line":73,"column":4},"end":{"line":73,"column":47}},"29":{"start":{"line":75,"column":4},"end":{"line":75,"column":59}},"30":{"start":{"line":76,"column":4},"end":{"line":78,"column":6}},"31":{"start":{"line":80,"column":4},"end":{"line":80,"column":61}},"32":{"start":{"line":84,"column":0},"end":{"line":84,"column":18}}},"fnMap":{"0":{"name":"(anonymous_0)","decl":{"start":{"line":42,"column":24},"end":{"line":42,"column":25}},"loc":{"start":{"line":42,"column":36},"end":{"line":82,"column":1}},"line":42}},"branchMap":{"0":{"loc":{"start":{"line":52,"column":6},"end":{"line":57,"column":7}},"type":"if","locations":[{"start":{"line":52,"column":6},"end":{"line":57,"column":7}},{"start":{"line":55,"column":13},"end":{"line":57,"column":7}}],"line":52}},"s":{"0":0,"1":0,"2":0,"3":0,"4":0,"5":0,"6":0,"7":0,"8":0,"9":0,"10":0,"11":0,"12":0,"13":0,"14":0,"15":0,"16":0,"17":0,"18":0,"19":0,"20":0,"21":0,"22":0,"23":0,"24":0,"25":0,"26":0,"27":0,"28":0,"29":0,"30":0,"31":0,"32":0},"f":{"0":0},"b":{"0":[0,0]}}
}
